********************************************************************************
DUPLICATOR-LITE PACKAGE-LOG: 2017-05-29 09:01:25
NOTICE: Do NOT post to public sites or forums 
********************************************************************************
VERSION:	1.2.8
WORDPRESS:	4.7.3
PHP INFO:	5.6.10 | SAPI: apache2handler
SERVER:		Apache/2.2.29 (Unix) mod_wsgi/3.5 Python/2.7.10 PHP/5.6.10 mod_ssl/2.2.29 OpenSSL/0.9.8zh DAV/2 mod_fastcgi/2.4.6 mod_perl/2.0.9 Perl/v5.22.0 
PHP TIME LIMIT: (0) no time limit imposed 
PHP MAX MEMORY: 2048M (512M default) 
MEMORY STACK: 29.5MB 

********************************************************************************
DATABASE:
********************************************************************************
BUILD MODE:   PHP(query limit - 100)
MYSQLTIMEOUT: 5000
MYSQLDUMP:    Not Supported 
TABLES: total:13 | filtered:0 | create:13 
FILTERED: [] 
SQL CREATED: 20170529_silviacasarone_a40da83e77e9e5285337170529090119_database.sql 
SQL FILE SIZE: 428.56KB (438846) 
SQL FILE TIME: 2017-05-29 09:01:25 
SQL RUNTIME: 0.06 sec. 

******************************************************************************** 
ARCHIVE (ZIP): 
******************************************************************************** 
ARCHIVE DIR:  /Users/gigi/Documents/all-websites-fb/silviacasarone-def 
ARCHIVE FILE: 20170529_silviacasarone_a40da83e77e9e5285337170529090119_archive.zip 
FILTERS: *OFF* 
DIRS: not set 
EXTS:  not set 
---------------------------------------- 
COMPRESSING 
SIZE:	44.56MB 
STATS:	Dirs 385 | Files 2,195 
SQL ADDED: 20170529_silviacasarone_a40da83e77e9e5285337170529090119_database.sql 
ZipArchive Object
(
    [status] => 0
    [statusSys] => 0
    [numFiles] => 2580
    [filename] => /Users/gigi/Documents/all-websites-fb/silviacasarone-def/wp-snapshots/tmp/20170529_silviacasarone_a40da83e77e9e5285337170529090119_archive.zip
    [comment] => 
)
 
COMPRESSION RESULT: '1' 
COMPRESSED SIZE: 25.26MB 
ARCHIVE RUNTIME: 7.35 sec. 
MEMORY STACK: 30.5MB 

******************************************************************************** 
MAKE INSTALLER: 
******************************************************************************** 
Build Start 
Build Finished 
Preping for use 
Template parsed with new data 
Complete [/Users/gigi/Documents/all-websites-fb/silviacasarone-def/wp-snapshots/tmp/20170529_silviacasarone_a40da83e77e9e5285337170529090119_installer.php] 
Added to archive 

******************************************************************************** 
INTEGRITY CHECKS: 
******************************************************************************** 
SQL File: 428.56KB 
Installer File: 428.46KB 
Archive File: 25.26MB  

********************************************************************************
RECORD ID:[1]
TOTAL PROCESS RUNTIME: 7.95 sec.
PEAK PHP MEMORY USED: 33MB
DONE PROCESSING => 20170529_silviacasarone 2017-05-29 09:01:33
 
